<?xml version="1.0" encoding="UTF-8"?>
<testsuite name="link.webarata3.poi.BenrippoiUtilTest" tests="3" skipped="0" failures="0" errors="0" timestamp="2017-05-20T05:33:41" hostname="MBP2015.local" time="1.447">
  <properties/>
  <testcase name="cellIndexToCellNameTest" classname="link.webarata3.poi.BenrippoiUtilTest" time="0.019"/>
  <testcase name="openTest" classname="link.webarata3.poi.BenrippoiUtilTest" time="1.315"/>
  <testcase name="test" classname="link.webarata3.poi.BenrippoiUtilTest" time="0.111"/>
  <system-out><![CDATA[文字列
文字列
]]></system-out>
  <system-err><![CDATA[]]></system-err>
</testsuite>
