<?xml version="1.0" encoding="UTF-8"?>
<testsuite name="link.webarata3.poi.BenrippoiUtilTest" tests="3" skipped="0" failures="0" errors="0" timestamp="2017-05-20T05:12:39" hostname="MBP2015.local" time="1.389">
  <properties/>
  <testcase name="cellIndexToCellNameTest" classname="link.webarata3.poi.BenrippoiUtilTest" time="0.009"/>
  <testcase name="openTest" classname="link.webarata3.poi.BenrippoiUtilTest" time="1.148"/>
  <testcase name="test" classname="link.webarata3.poi.BenrippoiUtilTest" time="0.229"/>
  <system-out><![CDATA[文字列
文字列
]]></system-out>
  <system-err><![CDATA[]]></system-err>
</testsuite>
